TN:
SF:C:\Users\Dominique Batista\Desktop\Work in Progress\Angular8Test\src\polyfills.ts
FNF:0
FNH:0
LF:0
LH:0
BRF:0
BRH:0
end_of_record
TN:
SF:C:\Users\Dominique Batista\Desktop\Work in Progress\Angular8Test\src\test.ts
FNF:0
FNH:0
DA:13,1
DA:18,1
DA:20,1
LF:3
LH:3
BRF:0
BRH:0
end_of_record
TN:
SF:C:\Users\Dominique Batista\Desktop\Work in Progress\Angular8Test\src\app\app.component.ts
FN:3,(anonymous_0)
FNF:1
FNH:1
FNDA:3,(anonymous_0)
DA:8,1
DA:9,3
LF:2
LH:2
BRF:0
BRH:0
end_of_record
TN:
SF:C:\Users\Dominique Batista\Desktop\Work in Progress\Angular8Test\src\app\hero.service.ts
FN:18,(anonymous_0)
FN:14,(anonymous_1)
FNF:2
FNH:2
FNDA:8,(anonymous_0)
FNDA:6,(anonymous_1)
DA:12,1
DA:15,6
LF:2
LH:2
BRF:0
BRH:0
end_of_record
TN:
SF:C:\Users\Dominique Batista\Desktop\Work in Progress\Angular8Test\src\app\hero-detail\hero-detail.component.ts
FN:14,(anonymous_0)
FN:16,(anonymous_1)
FNF:2
FNH:2
FNDA:9,(anonymous_0)
FNDA:5,(anonymous_1)
DA:10,1
DA:12,1
LF:2
LH:2
BRF:0
BRH:0
end_of_record
TN:
SF:C:\Users\Dominique Batista\Desktop\Work in Progress\Angular8Test\src\app\heroes\heroes.component.ts
FN:25,(anonymous_0)
FN:16,(anonymous_1)
FN:20,(anonymous_2)
FN:22,(anonymous_3)
FN:27,(anonymous_4)
FNF:5
FNH:5
FNDA:8,(anonymous_0)
FNDA:1,(anonymous_1)
FNDA:5,(anonymous_2)
FNDA:5,(anonymous_3)
FNDA:4,(anonymous_4)
DA:12,1
DA:17,1
DA:21,5
DA:22,5
DA:25,8
DA:28,4
LF:6
LH:6
BRF:0
BRH:0
end_of_record
TN:
SF:C:\Users\Dominique Batista\Desktop\Work in Progress\Angular8Test\src\app\heroes\mock-heroes.ts
FNF:0
FNH:0
DA:3,1
LF:1
LH:1
BRF:0
BRH:0
end_of_record
