TN:
SF:C:\Users\Dominique Batista\Desktop\Work in Progress\Angular8Test\src\polyfills.ts
FNF:0
FNH:0
LF:0
LH:0
BRF:0
BRH:0
end_of_record
TN:
SF:C:\Users\Dominique Batista\Desktop\Work in Progress\Angular8Test\src\test.ts
FNF:0
FNH:0
DA:13,1
DA:18,1
DA:20,1
LF:3
LH:3
BRF:0
BRH:0
end_of_record
TN:
SF:C:\Users\Dominique Batista\Desktop\Work in Progress\Angular8Test\src\app\app-routing.module.ts
FNF:0
FNH:0
DA:7,1
DA:17,1
LF:2
LH:2
BRF:0
BRH:0
end_of_record
TN:
SF:C:\Users\Dominique Batista\Desktop\Work in Progress\Angular8Test\src\app\app.component.ts
FN:3,(anonymous_0)
FNF:1
FNH:1
FNDA:3,(anonymous_0)
DA:8,1
DA:9,3
LF:2
LH:2
BRF:0
BRH:0
end_of_record
TN:
SF:C:\Users\Dominique Batista\Desktop\Work in Progress\Angular8Test\src\app\dashboard\dashboard.component.ts
FN:13,(anonymous_0)
FN:15,(anonymous_1)
FN:19,(anonymous_2)
FN:21,(anonymous_3)
FNF:4
FNH:4
FNDA:2,(anonymous_0)
FNDA:2,(anonymous_1)
FNDA:2,(anonymous_2)
FNDA:2,(anonymous_3)
DA:10,1
DA:11,2
DA:13,2
DA:16,2
DA:20,2
DA:21,2
LF:6
LH:6
BRF:0
BRH:0
end_of_record
TN:
SF:C:\Users\Dominique Batista\Desktop\Work in Progress\Angular8Test\src\app\hero-detail\hero-detail.component.ts
FN:14,(anonymous_0)
FN:16,(anonymous_1)
FNF:2
FNH:2
FNDA:6,(anonymous_0)
FNDA:4,(anonymous_1)
DA:10,1
DA:12,1
LF:2
LH:2
BRF:0
BRH:0
end_of_record
TN:
SF:C:\Users\Dominique Batista\Desktop\Work in Progress\Angular8Test\src\app\heroes\hero.service.ts
FN:24,(anonymous_0)
FN:15,(anonymous_1)
FNF:2
FNH:2
FNDA:7,(anonymous_0)
FNDA:7,(anonymous_1)
DA:13,1
DA:16,7
DA:17,7
DA:18,7
DA:19,70
DA:21,7
DA:24,7
LF:7
LH:7
BRF:0
BRH:0
end_of_record
TN:
SF:C:\Users\Dominique Batista\Desktop\Work in Progress\Angular8Test\src\app\heroes\heroes.component.ts
FN:25,(anonymous_0)
FN:16,(anonymous_1)
FN:20,(anonymous_2)
FN:22,(anonymous_3)
FN:27,(anonymous_4)
FNF:5
FNH:5
FNDA:5,(anonymous_0)
FNDA:1,(anonymous_1)
FNDA:4,(anonymous_2)
FNDA:4,(anonymous_3)
FNDA:3,(anonymous_4)
DA:12,1
DA:17,1
DA:21,4
DA:22,4
DA:25,5
DA:28,3
LF:6
LH:6
BRF:0
BRH:0
end_of_record
TN:
SF:C:\Users\Dominique Batista\Desktop\Work in Progress\Angular8Test\src\app\heroes\mock-heroes.ts
FNF:0
FNH:0
DA:3,1
LF:1
LH:1
BRF:0
BRH:0
end_of_record
TN:
SF:C:\Users\Dominique Batista\Desktop\Work in Progress\Angular8Test\src\app\messages\message.service.ts
FN:3,(anonymous_0)
FN:11,(anonymous_1)
FN:15,(anonymous_2)
FNF:3
FNH:3
FNDA:14,(anonymous_0)
FNDA:79,(anonymous_1)
FNDA:8,(anonymous_2)
DA:7,1
DA:9,14
DA:12,79
DA:16,8
LF:4
LH:4
BRF:0
BRH:0
end_of_record
TN:
SF:C:\Users\Dominique Batista\Desktop\Work in Progress\Angular8Test\src\app\messages\messages.component.ts
FN:12,(anonymous_0)
FN:14,(anonymous_1)
FNF:2
FNH:2
FNDA:4,(anonymous_0)
FNDA:2,(anonymous_1)
DA:10,1
DA:12,4
LF:2
LH:2
BRF:0
BRH:0
end_of_record
